<?xml version="1.0" encoding="UTF-8"?>
<!-- Generated by org.testng.reporters.JUnitXMLReporter -->
<testsuite ignored="0" hostname="DESKTOP-3N5FE65" failures="1" tests="1" name="Surefire test" time="24.978" errors="0" timestamp="2025-09-30T23:09:29 IST">
  <testcase classname="io.cucumber.testng.AbstractTestNGCucumberTests" name="runScenario" time="20.844">
    <failure type="java.lang.AssertionError" message="Response Code mistmatches! expected [404] but found [200]">
      <![CDATA[java.lang.AssertionError: Response Code mistmatches! expected [404] but found [200]
at com.booking.stepdefinitions.Bookingsteps.verify_response_code(Bookingsteps.java:94)
at ✽.Verify the response status code as 200(file:///C:/Users/HP/IdeaProjects/API_Testing_Kata/src/test/resources/features/E2EAdmin.feature:23)
... Removed 6 stack frames]]>
    </failure>
  </testcase> <!-- runScenario -->
</testsuite> <!-- Surefire test -->
