<?xml version="1.0" encoding="UTF-8"?>
<testng-results ignored="0" total="20" passed="19" failed="1" skipped="0">
  <reporter-output>
  </reporter-output>
  <suite started-at="2025-10-01T14:25:11 IST" name="Surefire suite" finished-at="2025-10-01T14:26:32 IST" duration-ms="80645">
    <groups>
      <group name="cucumber">
        <method signature="AbstractTestNGCucumberTests.runScenario(io.cucumber.testng.PickleWrapper,io.cucumber.testng.FeatureWrapper)[pri:0, instance:com.booking.TestRunner@22635ba0]" name="runScenario" class="io.cucumber.testng.AbstractTestNGCucumberTests"/>
      </group> <!-- cucumber -->
    </groups>
    <test started-at="2025-10-01T14:25:11 IST" name="Surefire test" finished-at="2025-10-01T14:26:32 IST" duration-ms="80645">
      <class name="com.booking.TestRunner">
        <test-method is-config="true" signature="setUpClass(org.testng.ITestContext)[pri:0, instance:com.booking.TestRunner@22635ba0]" started-at="2025-10-01T14:25:11 IST" name="setUpClass" finished-at="2025-10-01T14:25:13 IST" duration-ms="1878" status="PASS">
          <params>
            <param index="0">
              <value>
                <![CDATA[org.testng.TestRunner@7dfca9e6]]>
              </value>
            </param>
          </params>
          <reporter-output>
          </reporter-output>
        </test-method> <!-- setUpClass -->
        <test-method signature="runScenario(io.cucumber.testng.PickleWrapper,io.cucumber.testng.FeatureWrapper)[pri:0, instance:com.booking.TestRunner@22635ba0]" started-at="2025-10-01T14:25:13 IST" name="runScenario" description="Runs Cucumber Scenarios" data-provider="scenarios" finished-at="2025-10-01T14:25:35 IST" duration-ms="22277" status="PASS">
          <params>
            <param index="0">
              <value>
                <![CDATA["Delete the booking as admin"]]>
              </value>
            </param>
            <param index="1">
              <value>
                <![CDATA["Delete the booking"]]>
              </value>
            </param>
          </params>
          <reporter-output>
          </reporter-output>
        </test-method> <!-- runScenario -->
        <test-method signature="runScenario(io.cucumber.testng.PickleWrapper,io.cucumber.testng.FeatureWrapper)[pri:0, instance:com.booking.TestRunner@22635ba0]" started-at="2025-10-01T14:25:35 IST" name="runScenario" description="Runs Cucumber Scenarios" data-provider="scenarios" finished-at="2025-10-01T14:25:37 IST" duration-ms="2328" status="PASS">
          <params>
            <param index="0">
              <value>
                <![CDATA["Testing end to end flow as a admin"]]>
              </value>
            </param>
            <param index="1">
              <value>
                <![CDATA["Testing end to end flow as admin"]]>
              </value>
            </param>
          </params>
          <reporter-output>
          </reporter-output>
        </test-method> <!-- runScenario -->
        <test-method signature="runScenario(io.cucumber.testng.PickleWrapper,io.cucumber.testng.FeatureWrapper)[pri:0, instance:com.booking.TestRunner@22635ba0]" started-at="2025-10-01T14:25:37 IST" name="runScenario" description="Runs Cucumber Scenarios" data-provider="scenarios" finished-at="2025-10-01T14:25:38 IST" duration-ms="409" status="PASS">
          <params>
            <param index="0">
              <value>
                <![CDATA["Get list of rooms by roomid"]]>
              </value>
            </param>
            <param index="1">
              <value>
                <![CDATA["Get list of rooms by roomid for booking"]]>
              </value>
            </param>
          </params>
          <reporter-output>
          </reporter-output>
        </test-method> <!-- runScenario -->
        <test-method signature="runScenario(io.cucumber.testng.PickleWrapper,io.cucumber.testng.FeatureWrapper)[pri:0, instance:com.booking.TestRunner@22635ba0]" started-at="2025-10-01T14:25:38 IST" name="runScenario" description="Runs Cucumber Scenarios" data-provider="scenarios" finished-at="2025-10-01T14:25:39 IST" duration-ms="1052" status="PASS">
          <params>
            <param index="0">
              <value>
                <![CDATA["Get list of rooms by roomid"]]>
              </value>
            </param>
            <param index="1">
              <value>
                <![CDATA["Get list of rooms by roomid for booking"]]>
              </value>
            </param>
          </params>
          <reporter-output>
          </reporter-output>
        </test-method> <!-- runScenario -->
        <test-method signature="runScenario(io.cucumber.testng.PickleWrapper,io.cucumber.testng.FeatureWrapper)[pri:0, instance:com.booking.TestRunner@22635ba0]" started-at="2025-10-01T14:25:39 IST" name="runScenario" description="Runs Cucumber Scenarios" data-provider="scenarios" finished-at="2025-10-01T14:26:11 IST" duration-ms="32354" status="PASS">
          <params>
            <param index="0">
              <value>
                <![CDATA["Get list of rooms by roomid"]]>
              </value>
            </param>
            <param index="1">
              <value>
                <![CDATA["Get list of rooms by roomid for booking"]]>
              </value>
            </param>
          </params>
          <reporter-output>
          </reporter-output>
        </test-method> <!-- runScenario -->
        <test-method signature="runScenario(io.cucumber.testng.PickleWrapper,io.cucumber.testng.FeatureWrapper)[pri:0, instance:com.booking.TestRunner@22635ba0]" started-at="2025-10-01T14:26:11 IST" name="runScenario" description="Runs Cucumber Scenarios" data-provider="scenarios" finished-at="2025-10-01T14:26:13 IST" duration-ms="1308" status="PASS">
          <params>
            <param index="0">
              <value>
                <![CDATA["Get list of rooms by roomid"]]>
              </value>
            </param>
            <param index="1">
              <value>
                <![CDATA["Get list of rooms by roomid for booking"]]>
              </value>
            </param>
          </params>
          <reporter-output>
          </reporter-output>
        </test-method> <!-- runScenario -->
        <test-method signature="runScenario(io.cucumber.testng.PickleWrapper,io.cucumber.testng.FeatureWrapper)[pri:0, instance:com.booking.TestRunner@22635ba0]" started-at="2025-10-01T14:26:13 IST" name="runScenario" description="Runs Cucumber Scenarios" data-provider="scenarios" finished-at="2025-10-01T14:26:15 IST" duration-ms="2880" status="PASS">
          <params>
            <param index="0">
              <value>
                <![CDATA["Get list of rooms availabe for booking"]]>
              </value>
            </param>
            <param index="1">
              <value>
                <![CDATA["Get list of rooms available for booking"]]>
              </value>
            </param>
          </params>
          <reporter-output>
          </reporter-output>
        </test-method> <!-- runScenario -->
        <test-method signature="runScenario(io.cucumber.testng.PickleWrapper,io.cucumber.testng.FeatureWrapper)[pri:0, instance:com.booking.TestRunner@22635ba0]" started-at="2025-10-01T14:26:15 IST" name="runScenario" description="Runs Cucumber Scenarios" data-provider="scenarios" finished-at="2025-10-01T14:26:17 IST" duration-ms="1394" status="PASS">
          <params>
            <param index="0">
              <value>
                <![CDATA["Get available rooms for the given dates"]]>
              </value>
            </param>
            <param index="1">
              <value>
                <![CDATA["Get the room availability for the particular dates"]]>
              </value>
            </param>
          </params>
          <reporter-output>
          </reporter-output>
        </test-method> <!-- runScenario -->
        <test-method signature="runScenario(io.cucumber.testng.PickleWrapper,io.cucumber.testng.FeatureWrapper)[pri:0, instance:com.booking.TestRunner@22635ba0]" started-at="2025-10-01T14:26:17 IST" name="runScenario" description="Runs Cucumber Scenarios" data-provider="scenarios" finished-at="2025-10-01T14:26:20 IST" duration-ms="2754" status="PASS">
          <params>
            <param index="0">
              <value>
                <![CDATA["Edit the booking details"]]>
              </value>
            </param>
            <param index="1">
              <value>
                <![CDATA["Edit the booking details by logging  as admin"]]>
              </value>
            </param>
          </params>
          <reporter-output>
          </reporter-output>
        </test-method> <!-- runScenario -->
        <test-method signature="runScenario(io.cucumber.testng.PickleWrapper,io.cucumber.testng.FeatureWrapper)[pri:0, instance:com.booking.TestRunner@22635ba0]" started-at="2025-10-01T14:26:20 IST" name="runScenario" description="Runs Cucumber Scenarios" data-provider="scenarios" finished-at="2025-10-01T14:26:22 IST" duration-ms="1997" status="PASS">
          <params>
            <param index="0">
              <value>
                <![CDATA["Edit the booking details"]]>
              </value>
            </param>
            <param index="1">
              <value>
                <![CDATA["Edit the booking details by logging  as admin"]]>
              </value>
            </param>
          </params>
          <reporter-output>
          </reporter-output>
        </test-method> <!-- runScenario -->
        <test-method signature="runScenario(io.cucumber.testng.PickleWrapper,io.cucumber.testng.FeatureWrapper)[pri:0, instance:com.booking.TestRunner@22635ba0]" started-at="2025-10-01T14:26:22 IST" name="runScenario" description="Runs Cucumber Scenarios" data-provider="scenarios" finished-at="2025-10-01T14:26:22 IST" duration-ms="742" status="PASS">
          <params>
            <param index="0">
              <value>
                <![CDATA["Create a room booking"]]>
              </value>
            </param>
            <param index="1">
              <value>
                <![CDATA["Create Room Booking for the particular dates"]]>
              </value>
            </param>
          </params>
          <reporter-output>
          </reporter-output>
        </test-method> <!-- runScenario -->
        <test-method signature="runScenario(io.cucumber.testng.PickleWrapper,io.cucumber.testng.FeatureWrapper)[pri:0, instance:com.booking.TestRunner@22635ba0]" started-at="2025-10-01T14:26:22 IST" name="runScenario" description="Runs Cucumber Scenarios" data-provider="scenarios" finished-at="2025-10-01T14:26:23 IST" duration-ms="476" status="PASS">
          <params>
            <param index="0">
              <value>
                <![CDATA["Error validation while booking the room"]]>
              </value>
            </param>
            <param index="1">
              <value>
                <![CDATA["Create Room Booking for the particular dates"]]>
              </value>
            </param>
          </params>
          <reporter-output>
          </reporter-output>
        </test-method> <!-- runScenario -->
        <test-method signature="runScenario(io.cucumber.testng.PickleWrapper,io.cucumber.testng.FeatureWrapper)[pri:0, instance:com.booking.TestRunner@22635ba0]" started-at="2025-10-01T14:26:23 IST" name="runScenario" description="Runs Cucumber Scenarios" data-provider="scenarios" finished-at="2025-10-01T14:26:23 IST" duration-ms="470" status="PASS">
          <params>
            <param index="0">
              <value>
                <![CDATA["Error validation while booking the room"]]>
              </value>
            </param>
            <param index="1">
              <value>
                <![CDATA["Create Room Booking for the particular dates"]]>
              </value>
            </param>
          </params>
          <reporter-output>
          </reporter-output>
        </test-method> <!-- runScenario -->
        <test-method signature="runScenario(io.cucumber.testng.PickleWrapper,io.cucumber.testng.FeatureWrapper)[pri:0, instance:com.booking.TestRunner@22635ba0]" started-at="2025-10-01T14:26:23 IST" name="runScenario" description="Runs Cucumber Scenarios" data-provider="scenarios" finished-at="2025-10-01T14:26:24 IST" duration-ms="476" status="PASS">
          <params>
            <param index="0">
              <value>
                <![CDATA["Error validation while booking the room"]]>
              </value>
            </param>
            <param index="1">
              <value>
                <![CDATA["Create Room Booking for the particular dates"]]>
              </value>
            </param>
          </params>
          <reporter-output>
          </reporter-output>
        </test-method> <!-- runScenario -->
        <test-method signature="runScenario(io.cucumber.testng.PickleWrapper,io.cucumber.testng.FeatureWrapper)[pri:0, instance:com.booking.TestRunner@22635ba0]" started-at="2025-10-01T14:26:24 IST" name="runScenario" description="Runs Cucumber Scenarios" data-provider="scenarios" finished-at="2025-10-01T14:26:25 IST" duration-ms="1012" status="PASS">
          <params>
            <param index="0">
              <value>
                <![CDATA["Error validation while booking the room"]]>
              </value>
            </param>
            <param index="1">
              <value>
                <![CDATA["Create Room Booking for the particular dates"]]>
              </value>
            </param>
          </params>
          <reporter-output>
          </reporter-output>
        </test-method> <!-- runScenario -->
        <test-method signature="runScenario(io.cucumber.testng.PickleWrapper,io.cucumber.testng.FeatureWrapper)[pri:0, instance:com.booking.TestRunner@22635ba0]" started-at="2025-10-01T14:26:25 IST" name="runScenario" description="Runs Cucumber Scenarios" data-provider="scenarios" finished-at="2025-10-01T14:26:26 IST" duration-ms="1486" status="PASS">
          <params>
            <param index="0">
              <value>
                <![CDATA["Error validation while booking the room"]]>
              </value>
            </param>
            <param index="1">
              <value>
                <![CDATA["Create Room Booking for the particular dates"]]>
              </value>
            </param>
          </params>
          <reporter-output>
          </reporter-output>
        </test-method> <!-- runScenario -->
        <test-method signature="runScenario(io.cucumber.testng.PickleWrapper,io.cucumber.testng.FeatureWrapper)[pri:0, instance:com.booking.TestRunner@22635ba0]" started-at="2025-10-01T14:26:26 IST" name="runScenario" description="Runs Cucumber Scenarios" data-provider="scenarios" finished-at="2025-10-01T14:26:27 IST" duration-ms="756" status="PASS">
          <params>
            <param index="0">
              <value>
                <![CDATA["Error validation while booking the room"]]>
              </value>
            </param>
            <param index="1">
              <value>
                <![CDATA["Create Room Booking for the particular dates"]]>
              </value>
            </param>
          </params>
          <reporter-output>
          </reporter-output>
        </test-method> <!-- runScenario -->
        <test-method signature="runScenario(io.cucumber.testng.PickleWrapper,io.cucumber.testng.FeatureWrapper)[pri:0, instance:com.booking.TestRunner@22635ba0]" started-at="2025-10-01T14:26:27 IST" name="runScenario" description="Runs Cucumber Scenarios" data-provider="scenarios" finished-at="2025-10-01T14:26:28 IST" duration-ms="465" status="PASS">
          <params>
            <param index="0">
              <value>
                <![CDATA["Error validation while booking the room"]]>
              </value>
            </param>
            <param index="1">
              <value>
                <![CDATA["Create Room Booking for the particular dates"]]>
              </value>
            </param>
          </params>
          <reporter-output>
          </reporter-output>
        </test-method> <!-- runScenario -->
        <test-method signature="runScenario(io.cucumber.testng.PickleWrapper,io.cucumber.testng.FeatureWrapper)[pri:0, instance:com.booking.TestRunner@22635ba0]" started-at="2025-10-01T14:26:28 IST" name="runScenario" description="Runs Cucumber Scenarios" data-provider="scenarios" finished-at="2025-10-01T14:26:28 IST" duration-ms="499" status="FAIL">
          <params>
            <param index="0">
              <value>
                <![CDATA["Error validation while booking the room"]]>
              </value>
            </param>
            <param index="1">
              <value>
                <![CDATA["Create Room Booking for the particular dates"]]>
              </value>
            </param>
          </params>
          <exception class="java.lang.AssertionError">
            <message>
              <![CDATA[expected [must be a well-formed email address] but found [size must be between 11 and 21]]]>
            </message>
            <full-stacktrace>
              <![CDATA[java.lang.AssertionError: expected [must be a well-formed email address] but found [size must be between 11 and 21]
at org.testng.Assert.fail(Assert.java:111)
at org.testng.Assert.failNotEquals(Assert.java:1578)
at org.testng.Assert.assertEqualsImpl(Assert.java:150)
at org.testng.Assert.assertEquals(Assert.java:132)
at org.testng.Assert.assertEquals(Assert.java:656)
at org.testng.Assert.assertEquals(Assert.java:666)
at com.booking.stepdefinitions.Bookingsteps.verify_response_code_errorMessage(Bookingsteps.java:119)
at ✽.Verify the response status code as 400 and error message "size must be between 11 and 21"(file:///C:/Users/HP/IdeaProjects/API_Testing_Kata/src/test/resources/features/createBooking.feature:49)
]]>
            </full-stacktrace>
          </exception> <!-- java.lang.AssertionError -->
          <reporter-output>
          </reporter-output>
        </test-method> <!-- runScenario -->
        <test-method signature="runScenario(io.cucumber.testng.PickleWrapper,io.cucumber.testng.FeatureWrapper)[pri:0, instance:com.booking.TestRunner@22635ba0]" started-at="2025-10-01T14:26:28 IST" name="runScenario" description="Runs Cucumber Scenarios" data-provider="scenarios" finished-at="2025-10-01T14:26:29 IST" duration-ms="467" status="PASS">
          <params>
            <param index="0">
              <value>
                <![CDATA["Error validation while booking the room"]]>
              </value>
            </param>
            <param index="1">
              <value>
                <![CDATA["Create Room Booking for the particular dates"]]>
              </value>
            </param>
          </params>
          <reporter-output>
          </reporter-output>
        </test-method> <!-- runScenario -->
        <test-method is-config="true" signature="tearDownClass()[pri:0, instance:com.booking.TestRunner@22635ba0]" started-at="2025-10-01T14:26:29 IST" name="tearDownClass" finished-at="2025-10-01T14:26:32 IST" duration-ms="2989" status="PASS">
          <reporter-output>
          </reporter-output>
        </test-method> <!-- tearDownClass -->
      </class> <!-- com.booking.TestRunner -->
    </test> <!-- Surefire test -->
  </suite> <!-- Surefire suite -->
</testng-results>
