<?xml version="1.0" encoding="UTF-8"?>
<testsuite xmlns:xsi="http://www.w3.org/2001/XMLSchema-instance" xsi:noNamespaceSchemaLocation="https://maven.apache.org/surefire/maven-surefire-plugin/xsd/surefire-test-report-3.0.xsd" version="3.0" name="com.booking.TestRunner" time="19.919" tests="1" errors="0" skipped="0" failures="0">
  <properties>
[...]
</properties>
  <testcase name="runScenario[&quot;Testing end to end flow as a admin&quot;, &quot;Testing end to end flow as admin&quot;](1)" classname="com.booking.TestRunner" time="13.587">
    <system-out><![CDATA[
@Deletebookinghappyflow
Scenario Outline: Testing end to end flow as a admin                                       # src/test/resources/features/DeleteBooking.feature:25
  Given the user hits the endpoint "api/auth/login"                                        # com.booking.stepdefinitions.Bookingsteps.user_hits_the_endpoint(java.lang.String)
  When user logs in as admin generates token and authenticate using "admin" and "password" # com.booking.stepdefinitions.Bookingsteps.user_logs_asadmin_generates_token(java.lang.String,java.lang.String)
Response status code200
  Then Verify the response status code as 200                                              # com.booking.stepdefinitions.Bookingsteps.verify_response_code(int)
  Given the user hits the endpoint "api/booking"                                           # com.booking.stepdefinitions.Bookingsteps.user_hits_the_endpoint(java.lang.String)
Request Body:
{
  "roomid" : 3,
  "depositpaid" : false,
  "email" : "rathcathr@tcs.com",
  "phone" : "07907945853",
  "bookingid" : 0,
  "firstname" : "Rath",
  "bookingdates" : {
    "checkin" : "2025-11-06",
    "checkout" : "2025-11-07"
  },
  "lastname" : "Cath"
}
  When user provides the details and books the room with                                   # com.booking.stepdefinitions.Bookingsteps.user_provide_details_bookstheroom(io.cucumber.datatable.DataTable)
    | fname | lname | email             | phone       | checkin    | checkout   |
    | Rath  | Cath  | rathcathr@tcs.com | 07907945853 | 2025-11-06 | 2025-11-07 |
Response status code201
  Then Verify the response status code as 201                                              # com.booking.stepdefinitions.Bookingsteps.verify_response_code(int)
  Given the user hits the endpoint "api/booking"                                           # com.booking.stepdefinitions.Bookingsteps.user_hits_the_endpoint(java.lang.String)
Booking ID of the booked room = 3
  When user logs in as admin and request details by roomid                                 # com.booking.stepdefinitions.Bookingsteps.user_logsasadmin_requestby_roomid()
Response status code200
  Then Verify the response status code as 200                                              # com.booking.stepdefinitions.Bookingsteps.verify_response_code(int)
  Given the user hits the endpoint "api/booking/"                                          # com.booking.stepdefinitions.Bookingsteps.user_hits_the_endpoint(java.lang.String)
api/booking/3
  When admin deletes the booking using booking id                                          # com.booking.stepdefinitions.Bookingsteps.admin_deletes_booking_using_bookingid()
Response status code200
  Then Verify the response status code as 200                                              # com.booking.stepdefinitions.Bookingsteps.verify_response_code(int)
]]></system-out>
    <system-err><![CDATA[SLF4J: Failed to load class "org.slf4j.impl.StaticLoggerBinder".
SLF4J: Defaulting to no-operation (NOP) logger implementation
SLF4J: See http://www.slf4j.org/codes.html#StaticLoggerBinder for further details.
]]></system-err>
  </testcase>
</testsuite>