<?xml version="1.0" encoding="UTF-8"?>
<!-- Generated by org.testng.reporters.JUnitReportReporter -->
<testsuite hostname="DESKTOP-3N5FE65" failures="1" tests="1" name="com.booking.TestRunner" time="20.844" errors="0" timestamp="2025-09-30T23:09:29 IST" skipped="0">
  <testcase classname="com.booking.TestRunner" name="runScenario" time="20.844">
    <failure message="Response Code mistmatches! expected [404] but found [200]" type="java.lang.AssertionError">
      <![CDATA[java.lang.AssertionError: Response Code mistmatches! expected [404] but found [200]
at org.testng.Assert.fail(Assert.java:111)
at org.testng.Assert.failNotEquals(Assert.java:1578)
at org.testng.Assert.assertEqualsImpl(Assert.java:150)
at org.testng.Assert.assertEquals(Assert.java:132)
at org.testng.Assert.assertEquals(Assert.java:1419)
at org.testng.Assert.assertEquals(Assert.java:1383)
at com.booking.stepdefinitions.Bookingsteps.verify_response_code(Bookingsteps.java:94)
at ✽.Verify the response status code as 200(file:///C:/Users/HP/IdeaProjects/API_Testing_Kata/src/test/resources/features/E2EAdmin.feature:23)
]]>
    </failure>
  </testcase> <!-- runScenario -->
</testsuite> <!-- com.booking.TestRunner -->
